<?xml version="1.0" encoding="UTF-8"?>
<testsuite name="tests.CalcTest1" tests="1" skipped="0" failures="0" errors="0" timestamp="2022-02-11T09:52:44" hostname="DESKTOP-12PINJA" time="3.881">
  <properties/>
  <testcase name="test1()" classname="tests.CalcTest1" time="3.881"/>
  <system-out><![CDATA[]]></system-out>
  <system-err><![CDATA[Starting ChromeDriver 98.0.4758.80 (7f0488e8ba0d8e019187c6325a16c29d9b7f4989-refs/branch-heads/4758@{#972}) on port 49357
Only local connections are allowed.
Please see https://chromedriver.chromium.org/security-considerations for suggestions on keeping ChromeDriver safe.
ChromeDriver was started successfully.
февр. 11, 2022 1:52:45 PM org.openqa.selenium.remote.ProtocolHandshake createSession
INFO: Detected dialect: W3C
]]></system-err>
</testsuite>
